<?xml version="1.0" encoding="UTF-8"?>
<!-- Generated by org.testng.reporters.JUnitXMLReporter -->
<testsuite ignored="0" hostname="DESKTOP-UODLVI1" failures="0" tests="6" name="Test" time="68.765" errors="0" timestamp="2022-10-10T22:58:24 IST">
  <testcase classname="testClasses.VerifyUserCanLogin" name="VerifyUserCanLogIn" time="4.213"/>
  <testcase classname="testClasses.VerifyUserCanGetLowestPriceProduct" name="VerifyUserCanSearchProduct" time="1.769"/>
  <testcase classname="testClasses.VerifyUserCanGetLowestPriceProduct" name="VerifyUserCanGetLowestPriceProductFromEachPage" time="7.348"/>
  <testcase classname="testClasses.VerifyUserCanAddNewAddress" name="verifyUserCanOpenProfilePage" time="10.491"/>
  <testcase classname="testClasses.VerifyUserCanAddNewAddress" name="addNewAddress" time="1.363"/>
  <testcase classname="testClasses.VerifyUserCanAddNewAddress" name="addNewAddress" time="1.244"/>
</testsuite> <!-- Test -->
