<?xml version="1.0" encoding="UTF-8"?>
<testng-results ignored="0" total="6" passed="6" failed="0" skipped="0">
  <reporter-output>
    <line>
      <![CDATA[Test started]]>
    </line>
    <line>
      <![CDATA[Enterd Emil ID]]>
    </line>
    <line>
      <![CDATA[Enterd Password]]>
    </line>
    <line>
      <![CDATA[Test Passed]]>
    </line>
    <line>
      <![CDATA[Test started]]>
    </line>
    <line>
      <![CDATA[Test Passed]]>
    </line>
    <line>
      <![CDATA[Test started]]>
    </line>
    <line>
      <![CDATA[Test Passed]]>
    </line>
    <line>
      <![CDATA[Test started]]>
    </line>
    <line>
      <![CDATA[Test Passed]]>
    </line>
    <line>
      <![CDATA[Test started]]>
    </line>
    <line>
      <![CDATA[Test Passed]]>
    </line>
    <line>
      <![CDATA[Test started]]>
    </line>
    <line>
      <![CDATA[Test Passed]]>
    </line>
  </reporter-output>
  <suite started-at="2022-10-10T22:57:16 IST" name="Suite" finished-at="2022-10-10T22:58:24 IST" duration-ms="68765">
    <groups>
    </groups>
    <test started-at="2022-10-10T22:57:16 IST" name="Test" finished-at="2022-10-10T22:58:24 IST" duration-ms="68765">
      <class name="testClasses.VerifyUserCanGetLowestPriceProduct">
        <test-method is-config="true" signature="beforeClass(java.lang.String)[pri:0, instance:testClasses.VerifyUserCanGetLowestPriceProduct@45752059]" started-at="2022-10-10T22:58:02 IST" name="beforeClass" finished-at="2022-10-10T22:58:02 IST" duration-ms="1" status="PASS">
          <params>
            <param index="0">
              <value>
                <![CDATA[chrome]]>
              </value>
            </param>
          </params>
          <reporter-output>
          </reporter-output>
        </test-method> <!-- beforeClass -->
        <test-method is-config="true" signature="beforeMethod()[pri:0, instance:testClasses.VerifyUserCanGetLowestPriceProduct@45752059]" started-at="2022-10-10T22:58:02 IST" name="beforeMethod" finished-at="2022-10-10T22:58:02 IST" duration-ms="4" status="PASS">
          <reporter-output>
          </reporter-output>
        </test-method> <!-- beforeMethod -->
        <test-method signature="VerifyUserCanSearchProduct()[pri:2, instance:testClasses.VerifyUserCanGetLowestPriceProduct@45752059]" started-at="2022-10-10T22:58:02 IST" name="VerifyUserCanSearchProduct" finished-at="2022-10-10T22:58:04 IST" duration-ms="1769" status="PASS">
          <reporter-output>
            <line>
              <![CDATA[Test started]]>
            </line>
            <line>
              <![CDATA[Test Passed]]>
            </line>
          </reporter-output>
        </test-method> <!-- VerifyUserCanSearchProduct -->
        <test-method is-config="true" signature="afterMethod(org.testng.ITestResult)[pri:0, instance:testClasses.VerifyUserCanGetLowestPriceProduct@45752059]" started-at="2022-10-10T22:58:04 IST" name="afterMethod" finished-at="2022-10-10T22:58:04 IST" duration-ms="1" status="PASS">
          <params>
            <param index="0">
              <value>
                <![CDATA[[TestResult name=VerifyUserCanSearchProduct status=SUCCESS method=VerifyUserCanGetLowestPriceProduct.VerifyUserCanSearchProduct()[pri:2, instance:testClasses.VerifyUserCanGetLowestPriceProduct@45752059] output=Test started]]]>
              </value>
            </param>
          </params>
          <reporter-output>
          </reporter-output>
        </test-method> <!-- afterMethod -->
        <test-method is-config="true" signature="beforeMethod()[pri:0, instance:testClasses.VerifyUserCanGetLowestPriceProduct@45752059]" started-at="2022-10-10T22:58:04 IST" name="beforeMethod" finished-at="2022-10-10T22:58:04 IST" duration-ms="2" status="PASS">
          <reporter-output>
          </reporter-output>
        </test-method> <!-- beforeMethod -->
        <test-method signature="VerifyUserCanGetLowestPriceProductFromEachPage()[pri:3, instance:testClasses.VerifyUserCanGetLowestPriceProduct@45752059]" started-at="2022-10-10T22:58:04 IST" name="VerifyUserCanGetLowestPriceProductFromEachPage" finished-at="2022-10-10T22:58:11 IST" duration-ms="7348" status="PASS">
          <reporter-output>
            <line>
              <![CDATA[Test started]]>
            </line>
            <line>
              <![CDATA[Test Passed]]>
            </line>
          </reporter-output>
        </test-method> <!-- VerifyUserCanGetLowestPriceProductFromEachPage -->
        <test-method is-config="true" signature="afterMethod(org.testng.ITestResult)[pri:0, instance:testClasses.VerifyUserCanGetLowestPriceProduct@45752059]" started-at="2022-10-10T22:58:11 IST" name="afterMethod" finished-at="2022-10-10T22:58:11 IST" duration-ms="1" status="PASS">
          <params>
            <param index="0">
              <value>
                <![CDATA[[TestResult name=VerifyUserCanGetLowestPriceProductFromEachPage status=SUCCESS method=VerifyUserCanGetLowestPriceProduct.VerifyUserCanGetLowestPriceProductFromEachPage()[pri:3, instance:testClasses.VerifyUserCanGetLowestPriceProduct@45752059] output=Test started]]]>
              </value>
            </param>
          </params>
          <reporter-output>
          </reporter-output>
        </test-method> <!-- afterMethod -->
        <test-method is-config="true" signature="afterClass()[pri:0, instance:testClasses.VerifyUserCanGetLowestPriceProduct@45752059]" started-at="2022-10-10T22:58:11 IST" name="afterClass" finished-at="2022-10-10T22:58:11 IST" duration-ms="101" status="PASS">
          <reporter-output>
          </reporter-output>
        </test-method> <!-- afterClass -->
      </class> <!-- testClasses.VerifyUserCanGetLowestPriceProduct -->
      <class name="testClasses.VerifyUserCanLogin">
        <test-method is-config="true" signature="beforeClass(java.lang.String)[pri:0, instance:testClasses.VerifyUserCanLogin@557caf28]" started-at="2022-10-10T22:57:16 IST" name="beforeClass" finished-at="2022-10-10T22:57:57 IST" duration-ms="41324" status="PASS">
          <params>
            <param index="0">
              <value>
                <![CDATA[chrome]]>
              </value>
            </param>
          </params>
          <reporter-output>
          </reporter-output>
        </test-method> <!-- beforeClass -->
        <test-method is-config="true" signature="beforeMethod()[pri:0, instance:testClasses.VerifyUserCanLogin@557caf28]" started-at="2022-10-10T22:57:57 IST" name="beforeMethod" finished-at="2022-10-10T22:57:57 IST" duration-ms="95" status="PASS">
          <reporter-output>
          </reporter-output>
        </test-method> <!-- beforeMethod -->
        <test-method signature="VerifyUserCanLogIn()[pri:0, instance:testClasses.VerifyUserCanLogin@557caf28]" started-at="2022-10-10T22:57:57 IST" name="VerifyUserCanLogIn" finished-at="2022-10-10T22:58:01 IST" duration-ms="4213" status="PASS">
          <reporter-output>
            <line>
              <![CDATA[Test started]]>
            </line>
            <line>
              <![CDATA[Enterd Emil ID]]>
            </line>
            <line>
              <![CDATA[Enterd Password]]>
            </line>
            <line>
              <![CDATA[Test Passed]]>
            </line>
          </reporter-output>
        </test-method> <!-- VerifyUserCanLogIn -->
        <test-method is-config="true" signature="afterMethod(org.testng.ITestResult)[pri:0, instance:testClasses.VerifyUserCanLogin@557caf28]" started-at="2022-10-10T22:58:01 IST" name="afterMethod" finished-at="2022-10-10T22:58:01 IST" duration-ms="2" status="PASS">
          <params>
            <param index="0">
              <value>
                <![CDATA[[TestResult name=VerifyUserCanLogIn status=SUCCESS method=VerifyUserCanLogin.VerifyUserCanLogIn()[pri:0, instance:testClasses.VerifyUserCanLogin@557caf28] output=Test started]]]>
              </value>
            </param>
          </params>
          <reporter-output>
          </reporter-output>
        </test-method> <!-- afterMethod -->
        <test-method is-config="true" signature="afterClass()[pri:0, instance:testClasses.VerifyUserCanLogin@557caf28]" started-at="2022-10-10T22:58:01 IST" name="afterClass" finished-at="2022-10-10T22:58:02 IST" duration-ms="565" status="PASS">
          <reporter-output>
          </reporter-output>
        </test-method> <!-- afterClass -->
      </class> <!-- testClasses.VerifyUserCanLogin -->
      <class name="testClasses.VerifyUserCanAddNewAddress">
        <test-method is-config="true" signature="beforeClass(java.lang.String)[pri:0, instance:testClasses.VerifyUserCanAddNewAddress@34e9fd99]" started-at="2022-10-10T22:58:11 IST" name="beforeClass" finished-at="2022-10-10T22:58:11 IST" duration-ms="1" status="PASS">
          <params>
            <param index="0">
              <value>
                <![CDATA[chrome]]>
              </value>
            </param>
          </params>
          <reporter-output>
          </reporter-output>
        </test-method> <!-- beforeClass -->
        <test-method is-config="true" signature="beforeMethod()[pri:0, instance:testClasses.VerifyUserCanAddNewAddress@34e9fd99]" started-at="2022-10-10T22:58:11 IST" name="beforeMethod" finished-at="2022-10-10T22:58:11 IST" duration-ms="5" status="PASS">
          <reporter-output>
          </reporter-output>
        </test-method> <!-- beforeMethod -->
        <test-method signature="verifyUserCanOpenProfilePage()[pri:4, instance:testClasses.VerifyUserCanAddNewAddress@34e9fd99]" started-at="2022-10-10T22:58:11 IST" name="verifyUserCanOpenProfilePage" finished-at="2022-10-10T22:58:22 IST" duration-ms="10491" status="PASS">
          <reporter-output>
            <line>
              <![CDATA[Test started]]>
            </line>
            <line>
              <![CDATA[Test Passed]]>
            </line>
          </reporter-output>
        </test-method> <!-- verifyUserCanOpenProfilePage -->
        <test-method is-config="true" signature="afterMethod(org.testng.ITestResult)[pri:0, instance:testClasses.VerifyUserCanAddNewAddress@34e9fd99]" started-at="2022-10-10T22:58:22 IST" name="afterMethod" finished-at="2022-10-10T22:58:22 IST" duration-ms="2" status="PASS">
          <params>
            <param index="0">
              <value>
                <![CDATA[[TestResult name=verifyUserCanOpenProfilePage status=SUCCESS method=VerifyUserCanAddNewAddress.verifyUserCanOpenProfilePage()[pri:4, instance:testClasses.VerifyUserCanAddNewAddress@34e9fd99] output=Test started]]]>
              </value>
            </param>
          </params>
          <reporter-output>
          </reporter-output>
        </test-method> <!-- afterMethod -->
        <test-method is-config="true" signature="beforeMethod()[pri:0, instance:testClasses.VerifyUserCanAddNewAddress@34e9fd99]" started-at="2022-10-10T22:58:22 IST" name="beforeMethod" finished-at="2022-10-10T22:58:22 IST" duration-ms="2" status="PASS">
          <reporter-output>
          </reporter-output>
        </test-method> <!-- beforeMethod -->
        <test-method signature="addNewAddress(java.lang.String,java.lang.String,java.lang.String,java.lang.String,java.lang.String)[pri:5, instance:testClasses.VerifyUserCanAddNewAddress@34e9fd99]" started-at="2022-10-10T22:58:22 IST" name="addNewAddress" data-provider="addressData" finished-at="2022-10-10T22:58:23 IST" duration-ms="1363" status="PASS">
          <params>
            <param index="0">
              <value>
                <![CDATA[Akshay]]>
              </value>
            </param>
            <param index="1">
              <value>
                <![CDATA[8956235623]]>
              </value>
            </param>
            <param index="2">
              <value>
                <![CDATA[413512]]>
              </value>
            </param>
            <param index="3">
              <value>
                <![CDATA[Nanded Road]]>
              </value>
            </param>
            <param index="4">
              <value>
                <![CDATA[B-22, A pune]]>
              </value>
            </param>
          </params>
          <reporter-output>
            <line>
              <![CDATA[Test started]]>
            </line>
            <line>
              <![CDATA[Test Passed]]>
            </line>
          </reporter-output>
        </test-method> <!-- addNewAddress -->
        <test-method is-config="true" signature="afterMethod(org.testng.ITestResult)[pri:0, instance:testClasses.VerifyUserCanAddNewAddress@34e9fd99]" started-at="2022-10-10T22:58:23 IST" name="afterMethod" finished-at="2022-10-10T22:58:23 IST" duration-ms="1" status="PASS">
          <params>
            <param index="0">
              <value>
                <![CDATA[[TestResult name=addNewAddress status=SUCCESS method=VerifyUserCanAddNewAddress.addNewAddress(java.lang.String,java.lang.String,java.lang.String,java.lang.String,java.lang.String)[pri:5, instance:testClasses.VerifyUserCanAddNewAddress@34e9fd99] output=Test started]]]>
              </value>
            </param>
          </params>
          <reporter-output>
          </reporter-output>
        </test-method> <!-- afterMethod -->
        <test-method is-config="true" signature="beforeMethod()[pri:0, instance:testClasses.VerifyUserCanAddNewAddress@34e9fd99]" started-at="2022-10-10T22:58:23 IST" name="beforeMethod" finished-at="2022-10-10T22:58:23 IST" duration-ms="4" status="PASS">
          <reporter-output>
          </reporter-output>
        </test-method> <!-- beforeMethod -->
        <test-method signature="addNewAddress(java.lang.String,java.lang.String,java.lang.String,java.lang.String,java.lang.String)[pri:5, instance:testClasses.VerifyUserCanAddNewAddress@34e9fd99]" started-at="2022-10-10T22:58:23 IST" name="addNewAddress" data-provider="addressData" finished-at="2022-10-10T22:58:24 IST" duration-ms="1244" status="PASS">
          <params>
            <param index="0">
              <value>
                <![CDATA[Sneha]]>
              </value>
            </param>
            <param index="1">
              <value>
                <![CDATA[7845124512]]>
              </value>
            </param>
            <param index="2">
              <value>
                <![CDATA[411023]]>
              </value>
            </param>
            <param index="3">
              <value>
                <![CDATA[Warje]]>
              </value>
            </param>
            <param index="4">
              <value>
                <![CDATA[A-32, B shivaji nagar, near english school]]>
              </value>
            </param>
          </params>
          <reporter-output>
            <line>
              <![CDATA[Test started]]>
            </line>
            <line>
              <![CDATA[Test Passed]]>
            </line>
          </reporter-output>
        </test-method> <!-- addNewAddress -->
        <test-method is-config="true" signature="afterMethod(org.testng.ITestResult)[pri:0, instance:testClasses.VerifyUserCanAddNewAddress@34e9fd99]" started-at="2022-10-10T22:58:24 IST" name="afterMethod" finished-at="2022-10-10T22:58:24 IST" duration-ms="2" status="PASS">
          <params>
            <param index="0">
              <value>
                <![CDATA[[TestResult name=addNewAddress status=SUCCESS method=VerifyUserCanAddNewAddress.addNewAddress(java.lang.String,java.lang.String,java.lang.String,java.lang.String,java.lang.String)[pri:5, instance:testClasses.VerifyUserCanAddNewAddress@34e9fd99] output=Test started]]]>
              </value>
            </param>
          </params>
          <reporter-output>
          </reporter-output>
        </test-method> <!-- afterMethod -->
        <test-method is-config="true" signature="afterClass()[pri:0, instance:testClasses.VerifyUserCanAddNewAddress@34e9fd99]" started-at="2022-10-10T22:58:24 IST" name="afterClass" finished-at="2022-10-10T22:58:24 IST" duration-ms="83" status="PASS">
          <reporter-output>
          </reporter-output>
        </test-method> <!-- afterClass -->
      </class> <!-- testClasses.VerifyUserCanAddNewAddress -->
    </test> <!-- Test -->
  </suite> <!-- Suite -->
</testng-results>
